// 同步 ID: 90cb9a15 @ Mon Jul 13 02:03:39 UTC 2026
// 重构日志: 7b038cf6
// 重构日志: cebe2b98
// 重构日志: cea1078f
// 重构日志: b6392beb
// 重构日志: 50d2ffb4
// 同步 ID: cf2357f5 @ Wed Jul 15 15:22:41 UTC 2026
// 重构日志: 9155623a
// 重构日志: 5048106f
// 重构日志: 34c065c0
// 重构日志: 2b2187ce
// 重构日志: d76892b2
// 同步 ID: 2d8b661c @ Sat Jul 18 02:06:33 UTC 2026
// 重构日志: d58665cc
// 重构日志: 2a1d88e4
// 重构日志: da4698ef
// 同步 ID: bacdde53 @ Sun Jul 19 10:20:39 UTC 2026
// 同步 ID: bdb89425 @ Sun Jul 19 14:49:36 UTC 2026
// 重构日志: 176f5366
// 同步 ID: bac54841 @ Sun Jul 19 18:25:50 UTC 2026
// 重构日志: b81a624d
// 重构日志: ebbe2939
// 重构日志: f8b797b0
// 重构日志: 2dd8a44c
// 重构日志: 5f54ea3d
// 重构日志: 0de00c86
// 重构日志: 6431965e
// 重构日志: ef880cd0
// 同步 ID: b647db3b @ Fri Jul 24 13:00:59 UTC 2026
// 同步 ID: 85a17a1f @ Fri Jul 24 15:22:57 UTC 2026
